<?xml version="1.0" encoding="UTF-8"?>
<!-- Generated by org.testng.reporters.JUnitReportReporter -->
<testsuite hostname="DLLB0523" name="CNowQA.CNowAutomation" tests="3" failures="0" timestamp="18 Jan 2015 17:00:29 GMT" time="42.783" errors="0">
  <testcase name="Selectbook" time="12.687" classname="CNowQA.CNowAutomation"/>
  <testcase name="LoginApplication" time="29.987" classname="CNowQA.CNowAutomation"/>
  <testcase name="SelectDropDown" time="0.109" classname="CNowQA.CNowAutomation"/>
</testsuite> <!-- CNowQA.CNowAutomation -->
